<?xml version="1.0" encoding="UTF-8"?>
<!-- Generated by org.testng.reporters.JUnitXMLReporter -->
<testsuite ignored="1" hostname="SPLHRLAP-1036" failures="0" tests="1" name="Default test" time="21.187" errors="0" timestamp="2023-09-30T16:59:57 PKT">
  <testcase classname="TestCases.SignUpAndLoginTest" name="signUpToPortal" time="8.339"/>
  <testcase classname="TestCases.SignUpAndLoginTest" name="verifyMainPageAndLogout" time="0.0">
    <ignored/>
  </testcase> <!-- verifyMainPageAndLogout -->
</testsuite> <!-- Default test -->
