<?xml version="1.0" encoding="UTF-8"?>
<!-- Generated by org.testng.reporters.JUnitXMLReporter -->
<testsuite ignored="0" hostname="DESKTOP-S5E7TGE" failures="0" tests="2" name="TestInFirefox" time="11.048" errors="0" timestamp="2023-10-16T20:46:02 GST">
  <testcase classname="TestCases.SignUpAndLoginTest" name="signUpToPortal" time="0.002">
    <skipped/>
  </testcase> <!-- signUpToPortal -->
  <testcase classname="TestCases.SignUpAndLoginTest" name="verifyMainPageAndLogout" time="0.0">
    <skipped/>
  </testcase> <!-- verifyMainPageAndLogout -->
</testsuite> <!-- TestInFirefox -->
